#
# A fatal error has been detected by the Java Runtime Environment:
#
#  SIGSEGV (0xb) at pc=0x000000010671ade8, pid=1081, tid=18435
#
# JRE version: Java(TM) SE Runtime Environment (7.0_45-b18) (build 1.7.0_45-b18)
# Java VM: Java HotSpot(TM) 64-Bit Server VM (24.45-b08 mixed mode bsd-amd64 compressed oops)
# Problematic frame:
# V  [libjvm.dylib+0x2adde8]
#
# Failed to write core dump. Core dumps have been disabled. To enable core dumping, try "ulimit -c unlimited" before starting Java again
#
# If you would like to submit a bug report, please visit:
#   http://bugreport.sun.com/bugreport/crash.jsp
#

---------------  T H R E A D  ---------------

Current thread (0x00007fb579017800):  JavaThread "JDWP Transport Listener: dt_socket" daemon [_thread_in_vm, id=18435, stack(0x000000011132e000,0x000000011142e000)]

siginfo:si_signo=SIGSEGV: si_errno=0, si_code=1 (SEGV_MAPERR), si_addr=0x000000000000000c

Registers:
RAX=0x0000000000000000, RBX=0x00000007d5c3c530, RCX=0x000000000000000c, RDX=0x0000000000000000
RSP=0x000000011142da10, RBP=0x000000011142da10, RSI=0x00007fb57841c400, RDI=0x00000007d5c3c530
R8 =0x0000000000000000, R9 =0x00007fb578500000, R10=0x00a491220100090d, R11=0xffff804b98ce11f0
R12=0x00007fb579017800, R13=0x00007fb57874b220, R14=0x0000000000000000, R15=0x0000000000000000
RIP=0x000000010671ade8, EFLAGS=0x0000000000010202, ERR=0x0000000000000004
  TRAPNO=0x000000000000000e

Top of Stack: (sp=0x000000011142da10)
0x000000011142da10:   000000011142da40 000000010674a59a
0x000000011142da20:   0000000000000000 0000000000000000
0x000000011142da30:   00000007d5c3c530 00007fb5790179e8
0x000000011142da40:   000000011142dab0 0000000106771e48
0x000000011142da50:   00007fb579017800 00007fb579017800
0x000000011142da60:   0000000000000000 0000000000000000
0x000000011142da70:   00007fb5790179e8 00007fb579017800
0x000000011142da80:   00007fb579017800 000000011142db08
0x000000011142da90:   00007fb57841c400 00007fb57874b220
0x000000011142daa0:   000000011142dc90 00007fb5790179e8
0x000000011142dab0:   000000011142dae0 000000010783752e
0x000000011142dac0:   000000011142dc90 0000000107857dc0
0x000000011142dad0:   000000011142db08 0000000107863578
0x000000011142dae0:   000000011142dd00 000000010783e6b2
0x000000011142daf0:   000008cf00000013 0000000000010a00
0x000000011142db00:   00007fb57874c880 000000011142db58
0x000000011142db10:   00007fb50000012c 000000011142db20
0x000000011142db20:   00007fb500000000 000000011142db58
0x000000011142db30:   0000000000000000 00007f0000000000
0x000000011142db40:   000008cf00000018 00007fff0000de80
0x000000011142db50:   000000011142db58 0000005b01000000
0x000000011142db60:   1300002f00000000 0000000004000000
0x000000011142db70:   a700000000000000 0400000000000000
0x000000011142db80:   00000000090c0000 a800000009000000
0x000000011142db90:   1300000000000000 00000500a9000000
0x000000011142dba0:   0001020037000000 0006000000000000
0x000000011142dbb0:   0098c14178b57f00 0004000000000000
0x000000011142dbc0:   0103003700000000 2000000000000000
0x000000011142dbd0:   70c34178b57f0000 3d00000000000000
0x000000011142dbe0:   0400370000000000 0000000000000001
0x000000011142dbf0:   c34178b57f000020 0000000000000070
0x000000011142dc00:   003700000000000d 0000000000000105 

Instructions: (pc=0x000000010671ade8)
0x000000010671adc8:   eb 16 48 8d 35 ef 27 4c 00 8a 4e 08 48 d3 e2 48
0x000000010671add8:   03 16 eb 04 48 8b 14 0f 84 c0 0f 94 c0 0f b6 c0
0x000000010671ade8:   8b 44 82 0c 5d c3 8b 04 07 5d c3 90 55 48 89 e5
0x000000010671adf8:   f6 87 8d 00 00 00 02 75 04 31 ff eb 23 48 63 87 

Register to memory mapping:

RAX=0x0000000000000000 is an unknown value
RBX=0x00000007d5c3c530 is an oop
java.lang.String 
 - klass: 'java/lang/String'
RCX=0x000000000000000c is an unknown value
RDX=0x0000000000000000 is an unknown value
RSP=0x000000011142da10 is pointing into the stack for thread: 0x00007fb579017800
RBP=0x000000011142da10 is pointing into the stack for thread: 0x00007fb579017800
RSI=0x00007fb57841c400 is a global jni handle
RDI=0x00000007d5c3c530 is an oop
java.lang.String 
 - klass: 'java/lang/String'
R8 =0x0000000000000000 is an unknown value
R9 =0x00007fb578500000 is an unknown value
R10=0x00a491220100090d is an unknown value
R11=0xffff804b98ce11f0 is an unknown value
R12=0x00007fb579017800 is a thread
R13=0x00007fb57874b220 is an unknown value
R14=0x0000000000000000 is an unknown value
R15=0x0000000000000000 is an unknown value


Stack: [0x000000011132e000,0x000000011142e000],  sp=0x000000011142da10,  free space=1022k
Native frames: (J=compiled Java code, j=interpreted, Vv=VM code, C=native code)
V  [libjvm.dylib+0x2adde8]
V  [libjvm.dylib+0x2dd59a]
V  [libjvm.dylib+0x304e48]
C  [libjdwp.dylib+0x752e]  value+0x96
C  [libjdwp.dylib+0xe6b2]  debugLoop_run+0x1ce
C  [libjdwp.dylib+0x1f132]  attachThread+0x4d
V  [libjvm.dylib+0x37417e]
V  [libjvm.dylib+0x4efb47]
V  [libjvm.dylib+0x4f124f]
V  [libjvm.dylib+0x41b1c6]
C  [libsystem_pthread.dylib+0x1899]  _pthread_body+0x8a
C  [libsystem_pthread.dylib+0x172a]  _pthread_struct_init+0x0
C  [libsystem_pthread.dylib+0x5fc9]  thread_start+0xd


---------------  P R O C E S S  ---------------

Java Threads: ( => current thread )
  0x00007fb5788f4800 JavaThread "AWT-EventQueue-0" [_thread_blocked, id=53767, stack(0x00000001180de000,0x00000001181de000)]
  0x00007fb57908f000 JavaThread "Java2D Disposer" daemon [_thread_blocked, id=49715, stack(0x0000000116df6000,0x0000000116ef6000)]
  0x00007fb5788c5000 JavaThread "Java2D Queue Flusher" daemon [_thread_blocked, id=47375, stack(0x00000001160f4000,0x00000001161f4000)]
  0x00007fb57988c800 JavaThread "AWT-Shutdown" [_thread_blocked, id=29707, stack(0x000000011343c000,0x000000011353c000)]
  0x00007fb57988a000 JavaThread "AppKit Thread" daemon [_thread_in_native, id=1287, stack(0x00007fff59811000,0x00007fff59891000)]
  0x00007fb57981f000 JavaThread "Service Thread" daemon [_thread_blocked, id=20995, stack(0x000000011183d000,0x000000011193d000)]
  0x00007fb579024800 JavaThread "C2 CompilerThread1" daemon [_thread_blocked, id=20483, stack(0x000000011173a000,0x000000011183a000)]
  0x00007fb579024000 JavaThread "C2 CompilerThread0" daemon [_thread_blocked, id=19971, stack(0x0000000111637000,0x0000000111737000)]
  0x00007fb578850000 JavaThread "JDWP Command Reader" daemon [_thread_in_native, id=19459, stack(0x0000000111534000,0x0000000111634000)]
  0x00007fb579019800 JavaThread "JDWP Event Helper Thread" daemon [_thread_blocked, id=18947, stack(0x0000000111431000,0x0000000111531000)]
=>0x00007fb579017800 JavaThread "JDWP Transport Listener: dt_socket" daemon [_thread_in_vm, id=18435, stack(0x000000011132e000,0x000000011142e000)]
  0x00007fb579809000 JavaThread "Signal Dispatcher" daemon [_thread_blocked, id=17923, stack(0x0000000111225000,0x0000000111325000)]
  0x00007fb579017000 JavaThread "Finalizer" daemon [_thread_blocked, id=13059, stack(0x0000000110fd6000,0x00000001110d6000)]
  0x00007fb57a000000 JavaThread "Reference Handler" daemon [_thread_blocked, id=12547, stack(0x0000000110ed3000,0x0000000110fd3000)]
  0x00007fb579800000 JavaThread "main" [_thread_blocked, id=6915, stack(0x0000000106ed7000,0x0000000106fd7000)]

Other Threads:
  0x00007fb579014800 VMThread [stack: 0x0000000110dd0000,0x0000000110ed0000] [id=12035]
  0x00007fb579820000 WatcherThread [stack: 0x0000000111940000,0x0000000111a40000] [id=21507]

VM state:not at safepoint (normal execution)

VM Mutex/Monitor currently owned by a thread: None

Heap
 PSYoungGen      total 38912K, used 9591K [0x00000007d5500000, 0x00000007d8000000, 0x0000000800000000)
  eden space 33792K, 28% used [0x00000007d5500000,0x00000007d5e5dd70,0x00000007d7600000)
  from space 5120K, 0% used [0x00000007d7b00000,0x00000007d7b00000,0x00000007d8000000)
  to   space 5120K, 0% used [0x00000007d7600000,0x00000007d7600000,0x00000007d7b00000)
 ParOldGen       total 87040K, used 0K [0x0000000780000000, 0x0000000785500000, 0x00000007d5500000)
  object space 87040K, 0% used [0x0000000780000000,0x0000000780000000,0x0000000785500000)
 PSPermGen       total 21504K, used 9014K [0x000000077ae00000, 0x000000077c300000, 0x0000000780000000)
  object space 21504K, 41% used [0x000000077ae00000,0x000000077b6cd858,0x000000077c300000)

Card table byte_map: [0x000000010a92d000,0x000000010ad57000] byte_map_base: 0x0000000106d56000

Polling page: 0x0000000106fe6000

Code Cache  [0x000000010786d000, 0x0000000107add000, 0x000000010a86d000)
 total_blobs=425 nmethods=17 adapters=371 free_code_cache=48606Kb largest_free_block=49749824

Compilation events (10 events):
Event: 0.998 Thread 0x00007fb579024800   12             java.lang.String::toLowerCase (472 bytes)
Event: 0.998 Thread 0x00007fb579024000   13             java.lang.Character::toLowerCase (9 bytes)
Event: 1.000 Thread 0x00007fb579024000 nmethod 13 0x00000001078edd90 code [0x00000001078edee0, 0x00000001078ee038]
Event: 1.000 Thread 0x00007fb579024000   14             java.lang.CharacterDataLatin1::toLowerCase (39 bytes)
Event: 1.001 Thread 0x00007fb579024000 nmethod 14 0x00000001078edad0 code [0x00000001078edc00, 0x00000001078edcd8]
Event: 1.019 Thread 0x00007fb579024800 nmethod 12 0x00000001078f36d0 code [0x00000001078f3920, 0x00000001078f4d30]
Event: 1.034 Thread 0x00007fb579024000   16             java.util.Arrays::binarySearch0 (95 bytes)
Event: 1.040 Thread 0x00007fb579024000 nmethod 16 0x00000001078ef710 code [0x00000001078ef880, 0x00000001078efcd8]
Event: 1.081 Thread 0x00007fb579024800   17             java.lang.String::toLowerCase (472 bytes)
Event: 1.117 Thread 0x00007fb579024800 nmethod 17 0x00000001078f8990 code [0x00000001078f8c00, 0x00000001078fa090]

GC Heap History (0 events):
No events

Deoptimization events (1 events):
Event: 1.077 Thread 0x00007fb5788f4800 Uncommon trap: reason=unloaded action=reinterpret pc=0x00000001078ee3d8 method=java.lang.CharacterData.of(I)Ljava/lang/CharacterData; @ 96

Internal exceptions (10 events):
Event: 0.570 Thread 0x00007fb579800000 Threw 0x00000007d56bb2f8 at /HUDSON/workspace/7u-2-build-macosx-x86_64/jdk7u45/229/hotspot/src/share/vm/prims/jvm.cpp:1244
Event: 0.573 Thread 0x00007fb579800000 Threw 0x00000007d56d1930 at /HUDSON/workspace/7u-2-build-macosx-x86_64/jdk7u45/229/hotspot/src/share/vm/prims/jvm.cpp:1244
Event: 0.573 Thread 0x00007fb579800000 Threw 0x00000007d56d1b58 at /HUDSON/workspace/7u-2-build-macosx-x86_64/jdk7u45/229/hotspot/src/share/vm/prims/jvm.cpp:1244
Event: 0.574 Thread 0x00007fb579800000 Threw 0x00000007d56dd458 at /HUDSON/workspace/7u-2-build-macosx-x86_64/jdk7u45/229/hotspot/src/share/vm/prims/jvm.cpp:1244
Event: 0.574 Thread 0x00007fb579800000 Threw 0x00000007d56dd680 at /HUDSON/workspace/7u-2-build-macosx-x86_64/jdk7u45/229/hotspot/src/share/vm/prims/jvm.cpp:1244
Event: 0.575 Thread 0x00007fb579800000 Threw 0x00000007d56e12d0 at /HUDSON/workspace/7u-2-build-macosx-x86_64/jdk7u45/229/hotspot/src/share/vm/prims/jvm.cpp:1244
Event: 0.576 Thread 0x00007fb579800000 Threw 0x00000007d56e2728 at /HUDSON/workspace/7u-2-build-macosx-x86_64/jdk7u45/229/hotspot/src/share/vm/prims/jvm.cpp:1244
Event: 0.577 Thread 0x00007fb579800000 Threw 0x00000007d56eea28 at /HUDSON/workspace/7u-2-build-macosx-x86_64/jdk7u45/229/hotspot/src/share/vm/prims/jvm.cpp:1244
Event: 0.577 Thread 0x00007fb579800000 Threw 0x00000007d56efee0 at /HUDSON/workspace/7u-2-build-macosx-x86_64/jdk7u45/229/hotspot/src/share/vm/prims/jvm.cpp:1244
Event: 1.059 Thread 0x00007fb579800000 Threw 0x00000007d5c3c318 at /HUDSON/workspace/7u-2-build-macosx-x86_64/jdk7u45/229/hotspot/src/share/vm/interpreter/interpreterRuntime.cpp:347

Events (10 events):
Event: 61.672 Executing VM operation: GetCurrentLocation
Event: 61.672 Executing VM operation: GetCurrentLocation done
Event: 61.673 Executing VM operation: ChangeSingleStep
Event: 61.673 Executing VM operation: ChangeSingleStep done
Event: 61.673 Executing VM operation: ChangeSingleStep
Event: 61.673 Executing VM operation: ChangeSingleStep done
Event: 61.964 Executing VM operation: GetOrSetLocal
Event: 61.964 Executing VM operation: GetOrSetLocal done
Event: 62.224 Executing VM operation: GetOrSetLocal
Event: 62.224 Executing VM operation: GetOrSetLocal done


Dynamic libraries:
0x000000000462a000 	/System/Library/Frameworks/Cocoa.framework/Versions/A/Cocoa
0x000000000462a000 	/System/Library/Frameworks/Security.framework/Versions/A/Security
0x000000000462a000 	/System/Library/Frameworks/ApplicationServices.framework/Versions/A/ApplicationServices
0x000000000462a000 	/usr/lib/libz.1.dylib
0x000000000462a000 	/usr/lib/libSystem.B.dylib
0x000000000462a000 	/usr/lib/libobjc.A.dylib
0x000000000462a000 	/System/Library/Frameworks/CoreFoundation.framework/Versions/A/CoreFoundation
0x000000000462a000 	/System/Library/Frameworks/Foundation.framework/Versions/C/Foundation
0x000000000462a000 	/System/Library/Frameworks/AppKit.framework/Versions/C/AppKit
0x000000000462a000 	/System/Library/Frameworks/CoreData.framework/Versions/A/CoreData
0x000000000462a000 	/System/Library/PrivateFrameworks/RemoteViewServices.framework/Versions/A/RemoteViewServices
0x000000000462a000 	/System/Library/Frameworks/AudioToolbox.framework/Versions/A/AudioToolbox
0x000000000462a000 	/System/Library/Frameworks/AudioUnit.framework/Versions/A/AudioUnit
0x000000000462a000 	/System/Library/PrivateFrameworks/DataDetectorsCore.framework/Versions/A/DataDetectorsCore
0x000000000462a000 	/System/Library/PrivateFrameworks/DesktopServicesPriv.framework/Versions/A/DesktopServicesPriv
0x000000000462a000 	/System/Library/Frameworks/Carbon.framework/Versions/A/Frameworks/HIToolbox.framework/Versions/A/HIToolbox
0x000000000462a000 	/System/Library/Frameworks/QuartzCore.framework/Versions/A/QuartzCore
0x000000000462a000 	/System/Library/Frameworks/Carbon.framework/Versions/A/Frameworks/SpeechRecognition.framework/Versions/A/SpeechRecognition
0x000000000462a000 	/usr/lib/libauto.dylib
0x000000000462a000 	/usr/lib/libicucore.A.dylib
0x000000000462a000 	/usr/lib/libxml2.2.dylib
0x000000000462a000 	/System/Library/PrivateFrameworks/CoreUI.framework/Versions/A/CoreUI
0x000000000462a000 	/System/Library/Frameworks/CoreAudio.framework/Versions/A/CoreAudio
0x000000000462a000 	/System/Library/Frameworks/DiskArbitration.framework/Versions/A/DiskArbitration
0x000000000462a000 	/usr/lib/liblangid.dylib
0x000000000462a000 	/System/Library/PrivateFrameworks/MultitouchSupport.framework/Versions/A/MultitouchSupport
0x000000000462a000 	/System/Library/Frameworks/IOKit.framework/Versions/A/IOKit
0x000000000462a000 	/usr/lib/libDiagnosticMessagesClient.dylib
0x000000000462a000 	/System/Library/Frameworks/CoreServices.framework/Versions/A/CoreServices
0x000000000462a000 	/System/Library/PrivateFrameworks/PerformanceAnalysis.framework/Versions/A/PerformanceAnalysis
0x000000000462a000 	/System/Library/PrivateFrameworks/GenerationalStorage.framework/Versions/A/GenerationalStorage
0x000000000462a000 	/System/Library/Frameworks/OpenGL.framework/Versions/A/OpenGL
0x000000000462a000 	/System/Library/PrivateFrameworks/Sharing.framework/Versions/A/Sharing
0x000000000462a000 	/System/Library/Frameworks/ImageIO.framework/Versions/A/ImageIO
0x000000000462a000 	/System/Library/Frameworks/CoreText.framework/Versions/A/CoreText
0x000000000462a000 	/System/Library/Frameworks/CoreGraphics.framework/Versions/A/CoreGraphics
0x000000000462a000 	/System/Library/PrivateFrameworks/Backup.framework/Versions/A/Backup
0x000000000462a000 	/System/Library/Frameworks/CFNetwork.framework/Versions/A/CFNetwork
0x000000000462a000 	/System/Library/Frameworks/SystemConfiguration.framework/Versions/A/SystemConfiguration
0x000000000462a000 	/usr/lib/libCRFSuite.dylib
0x000000000462a000 	/usr/lib/libc++.1.dylib
0x000000000462a000 	/usr/lib/libc++abi.dylib
0x000000000462a000 	/usr/lib/system/libcache.dylib
0x000000000462a000 	/usr/lib/system/libcommonCrypto.dylib
0x000000000462a000 	/usr/lib/system/libcompiler_rt.dylib
0x000000000462a000 	/usr/lib/system/libcopyfile.dylib
0x000000000462a000 	/usr/lib/system/libcorecrypto.dylib
0x000000000462a000 	/usr/lib/system/libdispatch.dylib
0x000000000462a000 	/usr/lib/system/libdyld.dylib
0x000000000462a000 	/usr/lib/system/libkeymgr.dylib
0x000000000462a000 	/usr/lib/system/liblaunch.dylib
0x000000000462a000 	/usr/lib/system/libmacho.dylib
0x000000000462a000 	/usr/lib/system/libquarantine.dylib
0x000000000462a000 	/usr/lib/system/libremovefile.dylib
0x000000000462a000 	/usr/lib/system/libsystem_asl.dylib
0x000000000462a000 	/usr/lib/system/libsystem_blocks.dylib
0x000000000462a000 	/usr/lib/system/libsystem_c.dylib
0x000000000462a000 	/usr/lib/system/libsystem_configuration.dylib
0x000000000462a000 	/usr/lib/system/libsystem_dnssd.dylib
0x000000000462a000 	/usr/lib/system/libsystem_info.dylib
0x000000000462a000 	/usr/lib/system/libsystem_kernel.dylib
0x000000000462a000 	/usr/lib/system/libsystem_m.dylib
0x000000000462a000 	/usr/lib/system/libsystem_malloc.dylib
0x000000000462a000 	/usr/lib/system/libsystem_network.dylib
0x000000000462a000 	/usr/lib/system/libsystem_notify.dylib
0x000000000462a000 	/usr/lib/system/libsystem_platform.dylib
0x000000000462a000 	/usr/lib/system/libsystem_pthread.dylib
0x000000000462a000 	/usr/lib/system/libsystem_sandbox.dylib
0x000000000462a000 	/usr/lib/system/libsystem_stats.dylib
0x000000000462a000 	/usr/lib/system/libunc.dylib
0x000000000462a000 	/usr/lib/system/libunwind.dylib
0x000000000462a000 	/usr/lib/system/libxpc.dylib
0x000000000462a000 	/usr/lib/libbsm.0.dylib
0x000000000462a000 	/usr/lib/libsqlite3.dylib
0x000000000462a000 	/usr/lib/libxar.1.dylib
0x000000000462a000 	/usr/lib/libpam.2.dylib
0x000000000462a000 	/usr/lib/libOpenScriptingUtil.dylib
0x000000000462a000 	/usr/lib/libbz2.1.0.dylib
0x000000000462a000 	/System/Library/Frameworks/CoreServices.framework/Versions/A/Frameworks/CarbonCore.framework/Versions/A/CarbonCore
0x000000000462a000 	/System/Library/Frameworks/CoreServices.framework/Versions/A/Frameworks/Metadata.framework/Versions/A/Metadata
0x000000000462a000 	/System/Library/Frameworks/CoreServices.framework/Versions/A/Frameworks/OSServices.framework/Versions/A/OSServices
0x000000000462a000 	/System/Library/Frameworks/CoreServices.framework/Versions/A/Frameworks/SearchKit.framework/Versions/A/SearchKit
0x000000000462a000 	/System/Library/Frameworks/CoreServices.framework/Versions/A/Frameworks/AE.framework/Versions/A/AE
0x000000000462a000 	/System/Library/Frameworks/CoreServices.framework/Versions/A/Frameworks/LaunchServices.framework/Versions/A/LaunchServices
0x000000000462a000 	/System/Library/Frameworks/CoreServices.framework/Versions/A/Frameworks/DictionaryServices.framework/Versions/A/DictionaryServices
0x000000000462a000 	/System/Library/Frameworks/NetFS.framework/Versions/A/NetFS
0x000000000462a000 	/usr/lib/system/libkxld.dylib
0x000000000462a000 	/System/Library/PrivateFrameworks/NetAuth.framework/Versions/A/NetAuth
0x000000000462a000 	/System/Library/PrivateFrameworks/TCC.framework/Versions/A/TCC
0x000000000462a000 	/System/Library/Frameworks/OpenDirectory.framework/Versions/A/Frameworks/CFOpenDirectory.framework/Versions/A/CFOpenDirectory
0x000000000462a000 	/System/Library/Frameworks/ServiceManagement.framework/Versions/A/ServiceManagement
0x000000000462a000 	/usr/lib/libxslt.1.dylib
0x000000000462a000 	/System/Library/Frameworks/Carbon.framework/Versions/A/Frameworks/Ink.framework/Versions/A/Ink
0x000000000462a000 	/System/Library/Frameworks/ApplicationServices.framework/Versions/A/Frameworks/ATS.framework/Versions/A/ATS
0x000000000462a000 	/System/Library/Frameworks/ApplicationServices.framework/Versions/A/Frameworks/ColorSync.framework/Versions/A/ColorSync
0x000000000462a000 	/System/Library/Frameworks/ApplicationServices.framework/Versions/A/Frameworks/HIServices.framework/Versions/A/HIServices
0x000000000462a000 	/System/Library/Frameworks/ApplicationServices.framework/Versions/A/Frameworks/LangAnalysis.framework/Versions/A/LangAnalysis
0x000000000462a000 	/System/Library/Frameworks/ApplicationServices.framework/Versions/A/Frameworks/PrintCore.framework/Versions/A/PrintCore
0x000000000462a000 	/System/Library/Frameworks/ApplicationServices.framework/Versions/A/Frameworks/QD.framework/Versions/A/QD
0x000000000462a000 	/System/Library/Frameworks/ApplicationServices.framework/Versions/A/Frameworks/SpeechSynthesis.framework/Versions/A/SpeechSynthesis
0x000000000462a000 	/System/Library/Frameworks/IOSurface.framework/Versions/A/IOSurface
0x000000000462a000 	/System/Library/Frameworks/Accelerate.framework/Versions/A/Accelerate
0x000000000462a000 	/System/Library/Frameworks/Accelerate.framework/Versions/A/Frameworks/vImage.framework/Versions/A/vImage
0x000000000462a000 	/System/Library/Frameworks/Accelerate.framework/Versions/A/Frameworks/vecLib.framework/Versions/A/vecLib
0x000000000462a000 	/System/Library/Frameworks/Accelerate.framework/Versions/A/Frameworks/vecLib.framework/Versions/A/libvDSP.dylib
0x000000000462a000 	/System/Library/Frameworks/Accelerate.framework/Versions/A/Frameworks/vecLib.framework/Versions/A/libvMisc.dylib
0x000000000462a000 	/System/Library/Frameworks/Accelerate.framework/Versions/A/Frameworks/vecLib.framework/Versions/A/libLAPACK.dylib
0x000000000462a000 	/System/Library/Frameworks/Accelerate.framework/Versions/A/Frameworks/vecLib.framework/Versions/A/libBLAS.dylib
0x000000000462a000 	/System/Library/Frameworks/ApplicationServices.framework/Versions/A/Frameworks/ATS.framework/Versions/A/Resources/libFontParser.dylib
0x000000000462a000 	/System/Library/Frameworks/ApplicationServices.framework/Versions/A/Frameworks/ATS.framework/Versions/A/Resources/libFontRegistry.dylib
0x000000000462a000 	/System/Library/Frameworks/ImageIO.framework/Versions/A/Resources/libJPEG.dylib
0x000000000462a000 	/System/Library/Frameworks/ImageIO.framework/Versions/A/Resources/libTIFF.dylib
0x000000000462a000 	/System/Library/Frameworks/ImageIO.framework/Versions/A/Resources/libPng.dylib
0x000000000462a000 	/System/Library/Frameworks/ImageIO.framework/Versions/A/Resources/libGIF.dylib
0x000000000462a000 	/System/Library/Frameworks/ImageIO.framework/Versions/A/Resources/libJP2.dylib
0x000000000462a000 	/System/Library/Frameworks/ImageIO.framework/Versions/A/Resources/libRadiance.dylib
0x000000000462a000 	/usr/lib/libcups.2.dylib
0x000000000462a000 	/System/Library/Frameworks/Kerberos.framework/Versions/A/Kerberos
0x000000000462a000 	/System/Library/Frameworks/GSS.framework/Versions/A/GSS
0x000000000462a000 	/usr/lib/libresolv.9.dylib
0x000000000462a000 	/usr/lib/libiconv.2.dylib
0x000000000462a000 	/System/Library/PrivateFrameworks/Heimdal.framework/Versions/A/Heimdal
0x000000000462a000 	/System/Library/PrivateFrameworks/TrustEvaluationAgent.framework/Versions/A/TrustEvaluationAgent
0x000000000462a000 	/usr/lib/libheimdal-asn1.dylib
0x000000000462a000 	/System/Library/Frameworks/OpenDirectory.framework/Versions/A/OpenDirectory
0x000000000462a000 	/System/Library/PrivateFrameworks/CommonAuth.framework/Versions/A/CommonAuth
0x000000000462a000 	/System/Library/Frameworks/SecurityFoundation.framework/Versions/A/SecurityFoundation
0x000000000462a000 	/System/Library/PrivateFrameworks/Bom.framework/Versions/A/Bom
0x000000000462a000 	/System/Library/Frameworks/CoreVideo.framework/Versions/A/CoreVideo
0x000000000462a000 	/System/Library/Frameworks/QuartzCore.framework/Versions/A/Frameworks/CoreImage.framework/Versions/A/CoreImage
0x000000000462a000 	/System/Library/Frameworks/QuartzCore.framework/Versions/A/Frameworks/ScalableUserInterface.framework/Versions/A/ScalableUserInterface
0x000000000462a000 	/System/Library/Frameworks/OpenGL.framework/Versions/A/Libraries/libGLU.dylib
0x000000000462a000 	/System/Library/Frameworks/OpenGL.framework/Versions/A/Libraries/libGFXShared.dylib
0x000000000462a000 	/System/Library/Frameworks/OpenGL.framework/Versions/A/Libraries/libGL.dylib
0x000000000462a000 	/System/Library/Frameworks/OpenGL.framework/Versions/A/Libraries/libGLImage.dylib
0x000000000462a000 	/System/Library/Frameworks/OpenGL.framework/Versions/A/Libraries/libCVMSPluginSupport.dylib
0x000000000462a000 	/System/Library/Frameworks/OpenGL.framework/Versions/A/Libraries/libCoreVMClient.dylib
0x000000000462a000 	/System/Library/PrivateFrameworks/FaceCore.framework/Versions/A/FaceCore
0x000000000462a000 	/System/Library/PrivateFrameworks/CrashReporterSupport.framework/Versions/A/CrashReporterSupport
0x000000000462a000 	/System/Library/Frameworks/OpenCL.framework/Versions/A/OpenCL
0x000000000462a000 	/System/Library/PrivateFrameworks/AppleFSCompression.framework/Versions/A/AppleFSCompression
0x000000000462a000 	/System/Library/PrivateFrameworks/Ubiquity.framework/Versions/A/Ubiquity
0x000000000462a000 	/System/Library/PrivateFrameworks/IconServices.framework/Versions/A/IconServices
0x000000000462a000 	/System/Library/PrivateFrameworks/ChunkingLibrary.framework/Versions/A/ChunkingLibrary
0x000000000462a000 	/System/Library/PrivateFrameworks/CoreSymbolication.framework/Versions/A/CoreSymbolication
0x000000000462a000 	/System/Library/PrivateFrameworks/Symbolication.framework/Versions/A/Symbolication
0x000000000462a000 	/System/Library/PrivateFrameworks/DebugSymbols.framework/Versions/A/DebugSymbols
0x000000010646d000 	/Library/Java/JavaVirtualMachines/jdk1.7.0_45.jdk/Contents/Home/jre/lib/server/libjvm.dylib
0x000000000462a000 	/usr/lib/libstdc++.6.dylib
0x0000000106fd9000 	/Library/Java/JavaVirtualMachines/jdk1.7.0_45.jdk/Contents/Home/jre/lib/libverify.dylib
0x0000000107800000 	/Library/Java/JavaVirtualMachines/jdk1.7.0_45.jdk/Contents/Home/jre/lib/libjava.dylib
0x0000000107830000 	/Library/Java/JavaVirtualMachines/jdk1.7.0_45.jdk/Contents/Home/jre/lib/libjdwp.dylib
0x0000000106fe7000 	/Library/Java/JavaVirtualMachines/jdk1.7.0_45.jdk/Contents/Home/jre/lib/libnpt.dylib
0x0000000106ff4000 	/Library/Java/JavaVirtualMachines/jdk1.7.0_45.jdk/Contents/Home/jre/lib/libzip.dylib
0x00000001110d8000 	/System/Library/Frameworks/JavaVM.framework/Frameworks/JavaRuntimeSupport.framework/JavaRuntimeSupport
0x00000001110f0000 	/System/Library/Frameworks/JavaVM.framework/Versions/A/Frameworks/JavaNativeFoundation.framework/Versions/A/JavaNativeFoundation
0x0000000111105000 	/System/Library/Frameworks/JavaVM.framework/Versions/A/JavaVM
0x000000000462a000 	/System/Library/Frameworks/Carbon.framework/Versions/A/Carbon
0x0000000111112000 	/System/Library/PrivateFrameworks/JavaLaunching.framework/Versions/A/JavaLaunching
0x000000000462a000 	/System/Library/Frameworks/Carbon.framework/Versions/A/Frameworks/CommonPanels.framework/Versions/A/CommonPanels
0x000000000462a000 	/System/Library/Frameworks/Carbon.framework/Versions/A/Frameworks/Help.framework/Versions/A/Help
0x000000000462a000 	/System/Library/Frameworks/Carbon.framework/Versions/A/Frameworks/ImageCapture.framework/Versions/A/ImageCapture
0x000000000462a000 	/System/Library/Frameworks/Carbon.framework/Versions/A/Frameworks/OpenScripting.framework/Versions/A/OpenScripting
0x000000000462a000 	/System/Library/Frameworks/Carbon.framework/Versions/A/Frameworks/Print.framework/Versions/A/Print
0x000000000462a000 	/System/Library/Frameworks/Carbon.framework/Versions/A/Frameworks/SecurityHI.framework/Versions/A/SecurityHI
0x0000000111327000 	/Library/Java/JavaVirtualMachines/jdk1.7.0_45.jdk/Contents/Home/jre/lib/libdt_socket.dylib
0x0000000111aac000 	/Library/Java/JavaVirtualMachines/jdk1.7.0_45.jdk/Contents/Home/jre/lib/libawt.dylib
0x0000000111b5b000 	/Library/Java/JavaVirtualMachines/jdk1.7.0_45.jdk/Contents/Home/jre/lib/./libmlib_image.dylib
0x0000000111c27000 	/Library/Java/JavaVirtualMachines/jdk1.7.0_45.jdk/Contents/Home/jre/lib/lwawt/liblwawt.dylib
0x0000000111cdb000 	/Library/Java/JavaVirtualMachines/jdk1.7.0_45.jdk/Contents/Home/jre/lib/libosxapp.dylib
0x000000000462a000 	/System/Library/Frameworks/ExceptionHandling.framework/Versions/A/ExceptionHandling
0x000000000462a000 	/System/Library/PrivateFrameworks/CoreServicesInternal.framework/Versions/A/CoreServicesInternal
0x000000000462a000 	/System/Library/PrivateFrameworks/Librarian.framework/Versions/A/Librarian
0x000000000462a000 	/System/Library/Frameworks/CoreGraphics.framework/Versions/A/Resources/libCGCMS.A.dylib
0x000000000462a000 	/System/Library/Frameworks/CoreGraphics.framework/Versions/A/Resources/libRIP.A.dylib
0x000000000462a000 	/System/Library/Frameworks/CoreGraphics.framework/Versions/A/Resources/libCGXType.A.dylib
0x000000000462a000 	/System/Library/PrivateFrameworks/FamilyControls.framework/Versions/A/FamilyControls
0x000000000462a000 	/System/Library/PrivateFrameworks/CommerceKit.framework/Versions/A/Frameworks/CommerceCore.framework/Versions/A/CommerceCore
0x000000000462a000 	/System/Library/PrivateFrameworks/SystemAdministration.framework/Versions/A/SystemAdministration
0x000000000462a000 	/System/Library/Frameworks/DirectoryService.framework/Versions/A/DirectoryService
0x000000000462a000 	/System/Library/PrivateFrameworks/DiskImages.framework/Versions/A/DiskImages
0x000000000462a000 	/System/Library/PrivateFrameworks/LoginUIKit.framework/Versions/A/Frameworks/LoginUICore.framework/Versions/A/LoginUICore
0x000000000462a000 	/usr/lib/libCoreStorage.dylib
0x000000000462a000 	/usr/lib/libcsfde.dylib
0x000000000462a000 	/usr/lib/libodfde.dylib
0x000000000462a000 	/System/Library/Frameworks/DiscRecording.framework/Versions/A/DiscRecording
0x000000000462a000 	/usr/lib/libcurl.4.dylib
0x000000000462a000 	/System/Library/PrivateFrameworks/MediaKit.framework/Versions/A/MediaKit
0x000000000462a000 	/System/Library/PrivateFrameworks/EFILogin.framework/Versions/A/EFILogin
0x000000000462a000 	/usr/lib/libutil.dylib
0x000000000462a000 	/System/Library/PrivateFrameworks/AOSNotification.framework/Versions/A/AOSNotification
0x000000000462a000 	/System/Library/Frameworks/LDAP.framework/Versions/A/LDAP
0x000000000462a000 	/usr/lib/libsasl2.2.dylib
0x000000000462a000 	/usr/lib/libcrypto.0.9.8.dylib
0x000000000462a000 	/usr/lib/libssl.0.9.8.dylib
0x000000000462a000 	/System/Library/Frameworks/OpenGL.framework/Versions/A/Resources/GLEngine.bundle/GLEngine
0x000000000462a000 	/System/Library/Frameworks/OpenGL.framework/Versions/A/Libraries/libGLProgrammability.dylib
0x0000000000000000 	/System/Library/Extensions/AppleIntelHD4000GraphicsGLDriver.bundle/Contents/MacOS/AppleIntelHD4000GraphicsGLDriver
0x000000000462a000 	/System/Library/PrivateFrameworks/IOAccelerator.framework/Versions/A/IOAccelerator
0x000000000462a000 	/System/Library/PrivateFrameworks/GPUSupport.framework/Versions/A/Libraries/libGPUSupportMercury.dylib
0x000000000462a000 	/System/Library/Frameworks/OpenGL.framework/Versions/A/Resources/GLRendererFloat.bundle/GLRendererFloat
0x000000000462a000 	/System/Library/Frameworks/OpenCL.framework/Versions/A/Libraries/libcldcpuengine.dylib
0x0000000116ef8000 	/Library/Java/JavaVirtualMachines/jdk1.7.0_45.jdk/Contents/Home/jre/lib/libfontmanager.dylib
0x000000011472c000 	/Library/Java/JavaVirtualMachines/jdk1.7.0_45.jdk/Contents/Home/jre/lib/libosxui.dylib
0x0000000119487000 	/Library/Java/JavaVirtualMachines/jdk1.7.0_45.jdk/Contents/Home/jre/lib/libnet.dylib
0x00000001194e4000 	/Library/Java/JavaVirtualMachines/jdk1.7.0_45.jdk/Contents/Home/jre/lib/libnio.dylib

VM Arguments:
jvm_args: -agentlib:jdwp=transport=dt_socket,suspend=y,address=localhost:50904 -Dfile.encoding=US-ASCII 
java_command: Fast
Launcher Type: SUN_STANDARD

Environment Variables:
PATH=/usr/bin:/bin:/usr/sbin:/sbin
SHELL=/bin/bash

Signal Handlers:
SIGSEGV: [libjvm.dylib+0x525415], sa_mask[0]=0xfffefeff, sa_flags=0x00000043
SIGBUS: [libjvm.dylib+0x525415], sa_mask[0]=0xfffefeff, sa_flags=0x00000042
SIGFPE: [libjvm.dylib+0x41891a], sa_mask[0]=0xfffefeff, sa_flags=0x00000042
SIGPIPE: [libjvm.dylib+0x41891a], sa_mask[0]=0xfffefeff, sa_flags=0x00000042
SIGXFSZ: [libjvm.dylib+0x41891a], sa_mask[0]=0xfffefeff, sa_flags=0x00000042
SIGILL: [libjvm.dylib+0x41891a], sa_mask[0]=0xfffefeff, sa_flags=0x00000042
SIGUSR1: SIG_DFL, sa_mask[0]=0x00000000, sa_flags=0x00000002
SIGUSR2: [libjvm.dylib+0x41840c], sa_mask[0]=0x00000004, sa_flags=0x00000042
SIGHUP: [libjvm.dylib+0x41669b], sa_mask[0]=0xfffefeff, sa_flags=0x00000042
SIGINT: [libjvm.dylib+0x41669b], sa_mask[0]=0xfffefeff, sa_flags=0x00000042
SIGTERM: [libjvm.dylib+0x41669b], sa_mask[0]=0xfffefeff, sa_flags=0x00000042
SIGQUIT: [libjvm.dylib+0x41669b], sa_mask[0]=0xfffefeff, sa_flags=0x00000042


---------------  S Y S T E M  ---------------

OS:Bsduname:Darwin 13.0.0 Darwin Kernel Version 13.0.0: Thu Sep 19 22:22:27 PDT 2013; root:xnu-2422.1.72~6/RELEASE_X86_64 x86_64
rlimit: STACK 8192k, CORE 0k, NPROC 709, NOFILE 10240, AS infinity
load average:1.18 1.13 1.09

CPU:total 4 (2 cores per cpu, 2 threads per core) family 6 model 58 stepping 9, cmov, cx8, fxsr, mmx, sse, sse2, sse3, ssse3, sse4.1, sse4.2, popcnt, avx, aes, erms, ht, tsc, tscinvbit, tscinv

Memory: 4k page, physical 8388608k(2097152k free)

/proc/meminfo:


vm_info: Java HotSpot(TM) 64-Bit Server VM (24.45-b08) for bsd-amd64 JRE (1.7.0_45-b18), built on Oct  8 2013 05:54:16 by "java_re" with gcc 4.2.1 (Based on Apple Inc. build 5658) (LLVM build 2336.11.00)

time: Sat Feb 22 17:21:38 2014
elapsed time: 62 seconds

